Release 14.5 - xst P.58f (nt)
Copyright (c) 1995-2012 Xilinx, Inc.  All rights reserved.
--> Parameter TMPDIR set to xst/projnav.tmp


Total REAL time to Xst completion: 0.00 secs
Total CPU time to Xst completion: 0.14 secs
 
--> Parameter xsthdpdir set to xst


Total REAL time to Xst completion: 0.00 secs
Total CPU time to Xst completion: 0.14 secs
 
--> Reading design: AND2gate.prj

TABLE OF CONTENTS
  1) Synthesis Options Summary
  2) HDL Compilation
  3) Design Hierarchy Analysis
  4) HDL Analysis
  5) HDL Synthesis
     5.1) HDL Synthesis Report
  6) Advanced HDL Synthesis
     6.1) Advanced HDL Synthesis Report
  7) Low Level Synthesis
  8) Partition Report
  9) Final Report
	9.1) Device utilization summary
	9.2) Partition Resource Summary
	9.3) TIMING REPORT


=========================================================================
*                      Synthesis Options Summary                        *
=========================================================================
---- Source Parameters
Input File Name                    : "AND2gate.prj"
Input Format                       : mixed
Ignore Synthesis Constraint File   : NO

---- Target Parameters
Output File Name                   : "AND2gate"
Output Format                      : NGC
Target Device                      : xc3s500e-5-vq100

---- Source Options
Top Module Name                    : AND2gate
Automatic FSM Extraction           : YES
FSM Encoding Algorithm             : Auto
Safe Implementation                : No
FSM Style                          : LUT
RAM Extraction                     : Yes
RAM Style                          : Auto
ROM Extraction                     : Yes
Mux Style                          : Auto
Decoder Extraction                 : YES
Priority Encoder Extraction        : Yes
Shift Register Extraction          : YES
Logical Shifter Extraction         : YES
XOR Collapsing                     : YES
ROM Style                          : Auto
Mux Extraction                     : Yes
Resource Sharing                   : YES
Asynchronous To Synchronous        : NO
Multiplier Style                   : Auto
Automatic Register Balancing       : No

---- Target Options
Add IO Buffers                     : YES
Global Maximum Fanout              : 500
Add Generic Clock Buffer(BUFG)     : 24
Register Duplication               : YES
Slice Packing                      : YES
Optimize Instantiated Primitives   : NO
Use Clock Enable                   : Yes
Use Synchronous Set                : Yes
Use Synchronous Reset              : Yes
Pack IO Registers into IOBs        : Auto
Equivalent register Removal        : YES

---- General Options
Optimization Goal                  : Speed
Optimization Effort                : 1
Keep Hierarchy                     : No
Netlist Hierarchy                  : As_Optimized
RTL Output                         : Yes
Global Optimization                : AllClockNets
Read Cores                         : YES
Write Timing Constraints           : NO
Cross Clock Analysis               : NO
Hierarchy Separator                : /
Bus Delimiter                      : <>
Case Specifier                     : Maintain
Slice Utilization Ratio            : 100
BRAM Utilization Ratio             : 100
Verilog 2001                       : YES
Auto BRAM Packing                  : NO
Slice Utilization Ratio Delta      : 5

=========================================================================


=========================================================================
*                          HDL Compilation                              *
=========================================================================
Compiling verilog file "test_verilog.v" in library work
Module <AND2gate> compiled
No errors in compilation
Analysis of file <"AND2gate.prj"> succeeded.
 

=========================================================================
*                     Design Hierarchy Analysis                         *
=========================================================================
Analyzing hierarchy for module <AND2gate> in library <work>.


=========================================================================
*                            HDL Analysis                               *
=========================================================================
Analyzing top module <AND2gate>.
Module <AND2gate> is correct for synthesis.
 

=========================================================================
*                           HDL Synthesis                               *
=========================================================================

Performing bidirectional port resolution...

Synthesizing Unit <AND2gate>.
    Related source file is "test_verilog.v".
WARNING:Xst:647 - Input <BI> is never used. This port will be preserved and left unconnected if it belongs to a top-level block or it belongs to a sub-block and the hierarchy of this sub-block is preserved.
    Found 1-bit register for signal <FI>.
    Found 26-bit register for signal <cnt>.
    Found 26-bit adder for signal <old_cnt_1$addsub0000> created at line 19.
    Summary:
	inferred  27 D-type flip-flop(s).
	inferred   1 Adder/Subtractor(s).
Unit <AND2gate> synthesized.


=========================================================================
HDL Synthesis Report

Macro Statistics
# Adders/Subtractors                                   : 1
 26-bit adder                                          : 1
# Registers                                            : 2
 1-bit register                                        : 1
 26-bit register                                       : 1

=========================================================================

=========================================================================
*                       Advanced HDL Synthesis                          *
=========================================================================


=========================================================================
Advanced HDL Synthesis Report

Macro Statistics
# Adders/Subtractors                                   : 1
 26-bit adder                                          : 1
# Registers                                            : 27
 Flip-Flops                                            : 27

=========================================================================

=========================================================================
*                         Low Level Synthesis                           *
=========================================================================
INFO:Xst:2261 - The FF/Latch <cnt_24> in Unit <AND2gate> is equivalent to the following FF/Latch, which will be removed : <FI> 
WARNING:Xst:2677 - Node <cnt_25> of sequential type is unconnected in block <AND2gate>.

Optimizing unit <AND2gate> ...

Mapping all equations...
Building and optimizing final netlist ...
Found area constraint ratio of 100 (+ 5) on block AND2gate, actual ratio is 0.

Final Macro Processing ...

=========================================================================
Final Register Report

Macro Statistics
# Registers                                            : 25
 Flip-Flops                                            : 25

=========================================================================

=========================================================================
*                           Partition Report                            *
=========================================================================

Partition Implementation Status
-------------------------------

  No Partitions were found in this design.

-------------------------------

=========================================================================
*                            Final Report                               *
=========================================================================
Final Results
RTL Top Level Output File Name     : AND2gate.ngr
Top Level Output File Name         : AND2gate
Output Format                      : NGC
Optimization Goal                  : Speed
Keep Hierarchy                     : No

Design Statistics
# IOs                              : 4

Cell Usage :
# BELS                             : 77
#      GND                         : 1
#      INV                         : 2
#      LUT1                        : 24
#      MUXCY                       : 24
#      VCC                         : 1
#      XORCY                       : 25
# FlipFlops/Latches                : 25
#      FDR                         : 25
# Clock Buffers                    : 1
#      BUFGP                       : 1
# IO Buffers                       : 2
#      IBUF                        : 1
#      OBUF                        : 1
=========================================================================

Device utilization summary:
---------------------------

Selected Device : 3s500evq100-5 

 Number of Slices:                       13  out of   4656     0%  
 Number of Slice Flip Flops:             25  out of   9312     0%  
 Number of 4 input LUTs:                 26  out of   9312     0%  
 Number of IOs:                           4
 Number of bonded IOBs:                   3  out of     66     4%  
 Number of GCLKs:                         1  out of     24     4%  

---------------------------
Partition Resource Summary:
---------------------------

  No Partitions were found in this design.

---------------------------


=========================================================================
TIMING REPORT

NOTE: THESE TIMING NUMBERS ARE ONLY A SYNTHESIS ESTIMATE.
      FOR ACCURATE TIMING INFORMATION PLEASE REFER TO THE TRACE REPORT
      GENERATED AFTER PLACE-and-ROUTE.

Clock Information:
------------------
-----------------------------------+------------------------+-------+
Clock Signal                       | Clock buffer(FF name)  | Load  |
-----------------------------------+------------------------+-------+
CLK                                | BUFGP                  | 25    |
-----------------------------------+------------------------+-------+

Asynchronous Control Signals Information:
----------------------------------------
No asynchronous control signals found in this design

Timing Summary:
---------------
Speed Grade: -5

   Minimum period: 4.139ns (Maximum Frequency: 241.604MHz)
   Minimum input arrival time before clock: 3.941ns
   Maximum output required time after clock: 4.063ns
   Maximum combinational path delay: No path found

Timing Detail:
--------------
All values displayed in nanoseconds (ns)

=========================================================================
Timing constraint: Default period analysis for Clock 'CLK'
  Clock period: 4.139ns (frequency: 241.604MHz)
  Total number of paths / destination ports: 325 / 25
-------------------------------------------------------------------------
Delay:               4.139ns (Levels of Logic = 25)
  Source:            cnt_1 (FF)
  Destination:       cnt_24 (FF)
  Source Clock:      CLK rising
  Destination Clock: CLK rising

  Data Path: cnt_1 to cnt_24
                                Gate     Net
    Cell:in->out      fanout   Delay   Delay  Logical Name (Net Name)
    ----------------------------------------  ------------
     FDR:C->Q              1   0.514   0.509  cnt_1 (cnt_1)
     LUT1:I0->O            1   0.612   0.000  Madd_old_cnt_1_addsub0000_cy<1>_rt (Madd_old_cnt_1_addsub0000_cy<1>_rt)
     MUXCY:S->O            1   0.404   0.000  Madd_old_cnt_1_addsub0000_cy<1> (Madd_old_cnt_1_addsub0000_cy<1>)
     MUXCY:CI->O           1   0.052   0.000  Madd_old_cnt_1_addsub0000_cy<2> (Madd_old_cnt_1_addsub0000_cy<2>)
     MUXCY:CI->O           1   0.052   0.000  Madd_old_cnt_1_addsub0000_cy<3> (Madd_old_cnt_1_addsub0000_cy<3>)
     MUXCY:CI->O           1   0.051   0.000  Madd_old_cnt_1_addsub0000_cy<4> (Madd_old_cnt_1_addsub0000_cy<4>)
     MUXCY:CI->O           1   0.051   0.000  Madd_old_cnt_1_addsub0000_cy<5> (Madd_old_cnt_1_addsub0000_cy<5>)
     MUXCY:CI->O           1   0.051   0.000  Madd_old_cnt_1_addsub0000_cy<6> (Madd_old_cnt_1_addsub0000_cy<6>)
     MUXCY:CI->O           1   0.051   0.000  Madd_old_cnt_1_addsub0000_cy<7> (Madd_old_cnt_1_addsub0000_cy<7>)
     MUXCY:CI->O           1   0.051   0.000  Madd_old_cnt_1_addsub0000_cy<8> (Madd_old_cnt_1_addsub0000_cy<8>)
     MUXCY:CI->O           1   0.051   0.000  Madd_old_cnt_1_addsub0000_cy<9> (Madd_old_cnt_1_addsub0000_cy<9>)
     MUXCY:CI->O           1   0.051   0.000  Madd_old_cnt_1_addsub0000_cy<10> (Madd_old_cnt_1_addsub0000_cy<10>)
     MUXCY:CI->O           1   0.051   0.000  Madd_old_cnt_1_addsub0000_cy<11> (Madd_old_cnt_1_addsub0000_cy<11>)
     MUXCY:CI->O           1   0.051   0.000  Madd_old_cnt_1_addsub0000_cy<12> (Madd_old_cnt_1_addsub0000_cy<12>)
     MUXCY:CI->O           1   0.051   0.000  Madd_old_cnt_1_addsub0000_cy<13> (Madd_old_cnt_1_addsub0000_cy<13>)
     MUXCY:CI->O           1   0.051   0.000  Madd_old_cnt_1_addsub0000_cy<14> (Madd_old_cnt_1_addsub0000_cy<14>)
     MUXCY:CI->O           1   0.051   0.000  Madd_old_cnt_1_addsub0000_cy<15> (Madd_old_cnt_1_addsub0000_cy<15>)
     MUXCY:CI->O           1   0.051   0.000  Madd_old_cnt_1_addsub0000_cy<16> (Madd_old_cnt_1_addsub0000_cy<16>)
     MUXCY:CI->O           1   0.051   0.000  Madd_old_cnt_1_addsub0000_cy<17> (Madd_old_cnt_1_addsub0000_cy<17>)
     MUXCY:CI->O           1   0.051   0.000  Madd_old_cnt_1_addsub0000_cy<18> (Madd_old_cnt_1_addsub0000_cy<18>)
     MUXCY:CI->O           1   0.051   0.000  Madd_old_cnt_1_addsub0000_cy<19> (Madd_old_cnt_1_addsub0000_cy<19>)
     MUXCY:CI->O           1   0.051   0.000  Madd_old_cnt_1_addsub0000_cy<20> (Madd_old_cnt_1_addsub0000_cy<20>)
     MUXCY:CI->O           1   0.051   0.000  Madd_old_cnt_1_addsub0000_cy<21> (Madd_old_cnt_1_addsub0000_cy<21>)
     MUXCY:CI->O           1   0.051   0.000  Madd_old_cnt_1_addsub0000_cy<22> (Madd_old_cnt_1_addsub0000_cy<22>)
     MUXCY:CI->O           0   0.051   0.000  Madd_old_cnt_1_addsub0000_cy<23> (Madd_old_cnt_1_addsub0000_cy<23>)
     XORCY:CI->O           1   0.699   0.000  Madd_old_cnt_1_addsub0000_xor<24> (_old_cnt_1<24>_norst)
     FDR:D                     0.268          cnt_24
    ----------------------------------------
    Total                      4.139ns (3.630ns logic, 0.509ns route)
                                       (87.7% logic, 12.3% route)

=========================================================================
Timing constraint: Default OFFSET IN BEFORE for Clock 'CLK'
  Total number of paths / destination ports: 25 / 25
-------------------------------------------------------------------------
Offset:              3.941ns (Levels of Logic = 2)
  Source:            reset (PAD)
  Destination:       cnt_0 (FF)
  Destination Clock: CLK rising

  Data Path: reset to cnt_0
                                Gate     Net
    Cell:in->out      fanout   Delay   Delay  Logical Name (Net Name)
    ----------------------------------------  ------------
     IBUF:I->O             1   1.106   0.357  reset_IBUF (reset_IBUF)
     INV:I->O             25   0.612   1.071  reset_inv1_INV_0 (reset_inv)
     FDR:R                     0.795          cnt_0
    ----------------------------------------
    Total                      3.941ns (2.513ns logic, 1.428ns route)
                                       (63.8% logic, 36.2% route)

=========================================================================
Timing constraint: Default OFFSET OUT AFTER for Clock 'CLK'
  Total number of paths / destination ports: 1 / 1
-------------------------------------------------------------------------
Offset:              4.063ns (Levels of Logic = 1)
  Source:            cnt_24 (FF)
  Destination:       FI (PAD)
  Source Clock:      CLK rising

  Data Path: cnt_24 to FI
                                Gate     Net
    Cell:in->out      fanout   Delay   Delay  Logical Name (Net Name)
    ----------------------------------------  ------------
     FDR:C->Q              2   0.514   0.380  cnt_24 (cnt_24)
     OBUF:I->O                 3.169          FI_OBUF (FI)
    ----------------------------------------
    Total                      4.063ns (3.683ns logic, 0.380ns route)
                                       (90.6% logic, 9.4% route)

=========================================================================


Total REAL time to Xst completion: 3.00 secs
Total CPU time to Xst completion: 3.77 secs
 
--> 

Total memory usage is 220344 kilobytes

Number of errors   :    0 (   0 filtered)
Number of warnings :    2 (   0 filtered)
Number of infos    :    1 (   0 filtered)

