Command line:
   AND2gate_isim_beh.exe
     -simmode  gui
     -simrunnum  0
     -socket  20949

Tue Jun 04 20:07:05 2013


 Elaboration Time: 0.0312 sec

 Current Memory Usage: 508.801 Meg

 Total Signals          : 17
 Total Nets             : 17
 Total Signal Drivers   : 6
 Total Blocks           : 2
 Total Primitive Blocks : 2
 Total Processes        : 7
 Total Traceable Variables  : 18
 Total Scalar Nets and Variables : 97
Total Line Count : 15

 Total Simulation Time: 12.4645 sec

 Current Memory Usage: 509.85 Meg

Tue Jun 04 20:11:32 2013

